2024-09-02T09:39:18.009+05:30  WARN 1740 --- [18-miniproject-bankapp] [HikariPool-1 housekeeper] com.zaxxer.hikari.pool.HikariPool        : HikariPool-1 - Thread starvation or clock leap detected (housekeeper delta=19h40m51s146ms898µs800ns).
2024-09-02T09:41:04.769+05:30  INFO 10840 --- [18-miniproject-bankapp] [main] com.aurionpro.project.Application        : Starting Application using Java 21.0.3 with PID 10840 (D:\SpringAssignments\18-miniproject-bankapp\target\classes started by Aagya.Singh in D:\SpringAssignments\18-miniproject-bankapp)
2024-09-02T09:41:04.775+05:30  INFO 10840 --- [18-miniproject-bankapp] [main] com.aurionpro.project.Application        : No active profile set, falling back to 1 default profile: "default"
2024-09-02T09:41:05.820+05:30  INFO 10840 --- [18-miniproject-bankapp] [main] .s.d.r.c.RepositoryConfigurationDelegate : Bootstrapping Spring Data JPA repositories in DEFAULT mode.
2024-09-02T09:41:05.969+05:30  INFO 10840 --- [18-miniproject-bankapp] [main] .s.d.r.c.RepositoryConfigurationDelegate : Finished Spring Data repository scanning in 138 ms. Found 5 JPA repository interfaces.
2024-09-02T09:41:06.904+05:30  INFO 10840 --- [18-miniproject-bankapp] [main] o.s.b.w.embedded.tomcat.TomcatWebServer  : Tomcat initialized with port 8080 (http)
2024-09-02T09:41:06.920+05:30  INFO 10840 --- [18-miniproject-bankapp] [main] o.apache.catalina.core.StandardService   : Starting service [Tomcat]
2024-09-02T09:41:06.921+05:30  INFO 10840 --- [18-miniproject-bankapp] [main] o.apache.catalina.core.StandardEngine    : Starting Servlet engine: [Apache Tomcat/10.1.28]
2024-09-02T09:41:07.031+05:30  INFO 10840 --- [18-miniproject-bankapp] [main] o.a.c.c.C.[Tomcat].[localhost].[/]       : Initializing Spring embedded WebApplicationContext
2024-09-02T09:41:07.031+05:30  INFO 10840 --- [18-miniproject-bankapp] [main] w.s.c.ServletWebServerApplicationContext : Root WebApplicationContext: initialization completed in 2161 ms
2024-09-02T09:41:07.273+05:30  INFO 10840 --- [18-miniproject-bankapp] [main] o.hibernate.jpa.internal.util.LogHelper  : HHH000204: Processing PersistenceUnitInfo [name: default]
2024-09-02T09:41:07.379+05:30  INFO 10840 --- [18-miniproject-bankapp] [main] org.hibernate.Version                    : HHH000412: Hibernate ORM core version 6.5.2.Final
2024-09-02T09:41:07.429+05:30  INFO 10840 --- [18-miniproject-bankapp] [main] o.h.c.internal.RegionFactoryInitiator    : HHH000026: Second-level cache disabled
2024-09-02T09:41:07.954+05:30  INFO 10840 --- [18-miniproject-bankapp] [main] o.s.o.j.p.SpringPersistenceUnitInfo      : No LoadTimeWeaver setup: ignoring JPA class transformer
2024-09-02T09:41:08.002+05:30  INFO 10840 --- [18-miniproject-bankapp] [main] com.zaxxer.hikari.HikariDataSource       : HikariPool-1 - Starting...
2024-09-02T09:41:08.726+05:30  INFO 10840 --- [18-miniproject-bankapp] [main] com.zaxxer.hikari.pool.HikariPool        : HikariPool-1 - Added connection com.mysql.cj.jdbc.ConnectionImpl@9f2376f
2024-09-02T09:41:08.730+05:30  INFO 10840 --- [18-miniproject-bankapp] [main] com.zaxxer.hikari.HikariDataSource       : HikariPool-1 - Start completed.
2024-09-02T09:41:08.843+05:30  WARN 10840 --- [18-miniproject-bankapp] [main] org.hibernate.orm.deprecation            : HHH90000025: MySQLDialect does not need to be specified explicitly using 'hibernate.dialect' (remove the property setting and it will be selected by default)
2024-09-02T09:41:10.182+05:30  INFO 10840 --- [18-miniproject-bankapp] [main] o.h.e.t.j.p.i.JtaPlatformInitiator       : HHH000489: No JTA platform available (set 'hibernate.transaction.jta.platform' to enable JTA platform integration)
2024-09-02T09:41:10.329+05:30  INFO 10840 --- [18-miniproject-bankapp] [main] j.LocalContainerEntityManagerFactoryBean : Initialized JPA EntityManagerFactory for persistence unit 'default'
2024-09-02T09:41:10.961+05:30  INFO 10840 --- [18-miniproject-bankapp] [main] o.s.d.j.r.query.QueryEnhancerFactory     : Hibernate is in classpath; If applicable, HQL parser will be used.
2024-09-02T09:41:11.673+05:30  WARN 10840 --- [18-miniproject-bankapp] [main] JpaBaseConfiguration$JpaWebConfiguration : spring.jpa.open-in-view is enabled by default. Therefore, database queries may be performed during view rendering. Explicitly configure spring.jpa.open-in-view to disable this warning
2024-09-02T09:41:12.228+05:30  INFO 10840 --- [18-miniproject-bankapp] [main] o.s.b.w.embedded.tomcat.TomcatWebServer  : Tomcat started on port 8080 (http) with context path '/'
2024-09-02T09:41:12.241+05:30  INFO 10840 --- [18-miniproject-bankapp] [main] com.aurionpro.project.Application        : Started Application in 8.172 seconds (process running for 8.877)
2024-09-02T09:41:12.309+05:30  INFO 10840 --- [18-miniproject-bankapp] [http-nio-8080-exec-1] o.a.c.c.C.[Tomcat].[localhost].[/]       : Initializing Spring DispatcherServlet 'dispatcherServlet'
2024-09-02T09:41:12.309+05:30  INFO 10840 --- [18-miniproject-bankapp] [http-nio-8080-exec-1] o.s.web.servlet.DispatcherServlet        : Initializing Servlet 'dispatcherServlet'
2024-09-02T09:41:12.310+05:30  INFO 10840 --- [18-miniproject-bankapp] [http-nio-8080-exec-1] o.s.web.servlet.DispatcherServlet        : Completed initialization in 1 ms
2024-09-02T09:41:12.729+05:30  WARN 10840 --- [18-miniproject-bankapp] [http-nio-8080-exec-1] .w.s.m.s.DefaultHandlerExceptionResolver : Ignoring exception, response committed already: org.springframework.http.converter.HttpMessageNotWritableException: Could not write JSON: Document nesting depth (1001) exceeds the maximum allowed (1000, from `StreamWriteConstraints.getMaxNestingDepth()`)
2024-09-02T09:41:12.730+05:30  WARN 10840 --- [18-miniproject-bankapp] [http-nio-8080-exec-1] .w.s.m.s.DefaultHandlerExceptionResolver : Resolved [org.springframework.http.converter.HttpMessageNotWritableException: Could not write JSON: Document nesting depth (1001) exceeds the maximum allowed (1000, from `StreamWriteConstraints.getMaxNestingDepth()`)]
